Logger:         	MadelineProto
Logger:         	Copyright (C) 2016-2018 Daniil Gentili
Logger:         	Licensed under AGPLv3
Logger:         	https://github.com/danog/MadelineProto
TL:             	Loading TL schemes...
TL:             	Parsing TL_mtproto_v1.json...
TL:             	Parsing TL_telegram_v82.tl...
TL:             	CRC32 mismatch (402d9b47, 37982646) for ipPortSecret#37982646 ipv4:int port:int secret:bytes = IpPort;
TL:             	CRC32 mismatch (020634ce, 4679b65f) for accessPointRule#4679b65f phone_prefix_rules:string dc_id:int ips:vector<IpPort> = AccessPointRule;
TL:             	CRC32 mismatch (066d2808, 5a592a6c) for help.configSimple#5a592a6c date:int expires:int rules:vector<AccessPointRule> = help.ConfigSimple;
TL:             	CRC32 mismatch (450b7115, c88974ac) for channel#c88974ac flags:# creator:flags.0?true left:flags.2?true editor:flags.3?true broadcast:flags.5?true verified:flags.7?true megagroup:flags.8?true restricted:flags.9?true democracy:flags.10?true signatures:flags.11?true min:flags.12?true id:int access_hash:flags.13?long title:string username:flags.6?string photo:ChatPhoto date:int version:int restriction_reason:flags.9?string admin_rights:flags.14?ChannelAdminRights banned_rights:flags.15?ChannelBannedRights participants_count:flags.17?int = Chat;
TL:             	Parsing TL_secret.tl...
TL:             	Parsing TL_calls.tl...
TL:             	CRC32 mismatch (e8201c08, dbf948c1) for decryptedDataBlock#dbf948c1 random_id:long random_bytes:string flags:# voice_call_id:flags.2?int128 in_seq_no:flags.4?int out_seq_no:flags.4?int recent_received_mask:flags.5?int proto:flags.3?int extra:flags.1?string raw_data:flags.0?string = DecryptedDataBlock;
TL:             	CRC32 mismatch (d20a6f5c, cc0d0e76) for simpleDataBlock#cc0d0e76 random_id:long random_bytes:string raw_data:string = DecryptedDataBlock;
TL:             	Parsing TL_botAPI.tl...
DataCenter:     	Connecting to DC 2 (main server, ipv4, tcp_abridged)...
DataCenter:     	Trying connection on port 443 of 149.154.167.51...
DataCenter:     	OK!
AuthKeyHandler: 	Generating permanent authorization key for DC 2...
AuthKeyHandler: 	Requesting pq...
ResponseHandler: 	Trying to assign a response of type ResPQ to its request...
ResponseHandler: 	Does the request of return type ResPQ match?
ResponseHandler: 	Yes
AuthKeyHandler: 	Factorization 1580892638177446639 = 1026196243 * 1540536373
RSA:            	Encrypting with rsa key...
AuthKeyHandler: 	Starting Diffie Hellman key exchange
ResponseHandler: 	Trying to assign a response of type Server_DH_Params to its request...
ResponseHandler: 	Does the request of return type Server_DH_Params match?
ResponseHandler: 	Yes
AuthKeyHandler: 	Server-client time delta = 0.0 s
AuthKeyHandler: 	Executing p/g checks (1/2)...
AuthKeyHandler: 	Executing p/g checks (2/2)...
AuthKeyHandler: 	Executing g check...
AuthKeyHandler: 	Executing g_a check (1/2)...
AuthKeyHandler: 	Executing g_a check (2/2)...
AuthKeyHandler: 	Generating b...
AuthKeyHandler: 	Generating g_b...
AuthKeyHandler: 	Executing g_a check (1/2)...
AuthKeyHandler: 	Executing g_a check (2/2)...
AuthKeyHandler: 	Executing g_b check...
AuthKeyHandler: 	Preparing client_DH_inner_data...
AuthKeyHandler: 	Executing set_client_DH_params...
ResponseHandler: 	Trying to assign a response of type Set_client_DH_params_answer to its request...
ResponseHandler: 	Does the request of return type Set_client_DH_params_answer match?
ResponseHandler: 	Yes
AuthKeyHandler: 	Generating authorization key...
AuthKeyHandler: 	Diffie Hellman key exchange processed successfully!
AuthKeyHandler: 	Auth key generated
AuthKeyHandler: 	Generating temporary authorization key for DC 2...
AuthKeyHandler: 	Requesting pq...
ResponseHandler: 	Trying to assign a response of type ResPQ to its request...
ResponseHandler: 	Does the request of return type ResPQ match?
ResponseHandler: 	Yes
AuthKeyHandler: 	Factorization 2660744690443717781 = 1396712501 * 1905005281
RSA:            	Encrypting with rsa key...
AuthKeyHandler: 	Starting Diffie Hellman key exchange
ResponseHandler: 	Trying to assign a response of type Server_DH_Params to its request...
ResponseHandler: 	Does the request of return type Server_DH_Params match?
ResponseHandler: 	Yes
AuthKeyHandler: 	Server-client time delta = 0.0 s
AuthKeyHandler: 	Executing p/g checks (1/2)...
AuthKeyHandler: 	Executing p/g checks (2/2)...
AuthKeyHandler: 	Executing g check...
AuthKeyHandler: 	Executing g_a check (1/2)...
AuthKeyHandler: 	Executing g_a check (2/2)...
AuthKeyHandler: 	Generating b...
AuthKeyHandler: 	Generating g_b...
AuthKeyHandler: 	Executing g_a check (1/2)...
AuthKeyHandler: 	Executing g_a check (2/2)...
AuthKeyHandler: 	Executing g_b check...
AuthKeyHandler: 	Preparing client_DH_inner_data...
AuthKeyHandler: 	Executing set_client_DH_params...
ResponseHandler: 	Trying to assign a response of type Set_client_DH_params_answer to its request...
ResponseHandler: 	Does the request of return type Set_client_DH_params_answer match?
ResponseHandler: 	Yes
AuthKeyHandler: 	Generating authorization key...
AuthKeyHandler: 	Diffie Hellman key exchange processed successfully!
AuthKeyHandler: 	Auth key generated
AuthKeyHandler: 	Binding authorization keys...
CallHandler:    	Writing client info (also executing auth.bindTempAuthKey)...
MsgIdHandler:   	WARNING: Given message id (6604102775959539713) is bigger than or equal to the current limit (6604102775959489537). Consider syncing your date.
AuthKeyHandler: 	Successfully binded temporary and permanent authorization keys, DC 2
CallHandler:    	Writing client info (also executing help.getConfig)...
MTProto:        	Got new DC options, reconnecting
DataCenter:     	Disconnecting from DC 2...
DataCenter:     	Connecting to DC 2 (main server, ipv4, tcp_abridged)...
DataCenter:     	Trying connection on port 443 of 149.154.167.51...
DataCenter:     	OK!
DataCenter:     	Connecting to DC 1 (main server, ipv4, tcp_abridged)...
DataCenter:     	Trying connection on port 443 of 149.154.175.50...
DataCenter:     	OK!
DataCenter:     	Connecting to DC 3 (main server, ipv4, tcp_abridged)...
DataCenter:     	Trying connection on port 443 of 149.154.175.100...
DataCenter:     	OK!
DataCenter:     	Connecting to DC 4 (main server, ipv4, tcp_abridged)...
DataCenter:     	Trying connection on port 443 of 149.154.167.91...
DataCenter:     	OK!
DataCenter:     	Connecting to DC 4_media (main server, ipv4, tcp_abridged)...
DataCenter:     	Trying connection on port 443 of 149.154.166.120...
DataCenter:     	OK!
DataCenter:     	Connecting to DC 5 (main server, ipv4, tcp_abridged)...
DataCenter:     	Trying connection on port 443 of 91.108.56.177...
DataCenter:     	OK!
AuthKeyHandler: 	Generating permanent authorization key for DC 1...
AuthKeyHandler: 	Requesting pq...
ResponseHandler: 	Trying to assign a response of type ResPQ to its request...
ResponseHandler: 	Does the request of return type ResPQ match?
ResponseHandler: 	Yes
AuthKeyHandler: 	Factorization 1755511825326231521 = 1228870759 * 1428556919
RSA:            	Encrypting with rsa key...
AuthKeyHandler: 	Starting Diffie Hellman key exchange
ResponseHandler: 	Trying to assign a response of type Server_DH_Params to its request...
ResponseHandler: 	Does the request of return type Server_DH_Params match?
ResponseHandler: 	Yes
AuthKeyHandler: 	Server-client time delta = -1.0 s
AuthKeyHandler: 	Executing p/g checks (1/2)...
AuthKeyHandler: 	Executing p/g checks (2/2)...
AuthKeyHandler: 	Executing g check...
AuthKeyHandler: 	Executing g_a check (1/2)...
AuthKeyHandler: 	Executing g_a check (2/2)...
AuthKeyHandler: 	Generating b...
AuthKeyHandler: 	Generating g_b...
AuthKeyHandler: 	Executing g_a check (1/2)...
AuthKeyHandler: 	Executing g_a check (2/2)...
AuthKeyHandler: 	Executing g_b check...
AuthKeyHandler: 	Preparing client_DH_inner_data...
AuthKeyHandler: 	Executing set_client_DH_params...
ResponseHandler: 	Trying to assign a response of type Set_client_DH_params_answer to its request...
ResponseHandler: 	Does the request of return type Set_client_DH_params_answer match?
ResponseHandler: 	Yes
AuthKeyHandler: 	Generating authorization key...
AuthKeyHandler: 	Diffie Hellman key exchange processed successfully!
AuthKeyHandler: 	Auth key generated
AuthKeyHandler: 	Generating temporary authorization key for DC 1...
AuthKeyHandler: 	Requesting pq...
ResponseHandler: 	Trying to assign a response of type ResPQ to its request...
ResponseHandler: 	Does the request of return type ResPQ match?
ResponseHandler: 	Yes
AuthKeyHandler: 	Factorization 1659929611061935813 = 1074937459 * 1544210407
RSA:            	Encrypting with rsa key...
AuthKeyHandler: 	Starting Diffie Hellman key exchange
ResponseHandler: 	Trying to assign a response of type Server_DH_Params to its request...
ResponseHandler: 	Does the request of return type Server_DH_Params match?
ResponseHandler: 	Yes
AuthKeyHandler: 	Server-client time delta = 0.0 s
AuthKeyHandler: 	Executing p/g checks (1/2)...
AuthKeyHandler: 	Executing p/g checks (2/2)...
AuthKeyHandler: 	Executing g check...
AuthKeyHandler: 	Executing g_a check (1/2)...
AuthKeyHandler: 	Executing g_a check (2/2)...
AuthKeyHandler: 	Generating b...
AuthKeyHandler: 	Generating g_b...
AuthKeyHandler: 	Executing g_a check (1/2)...
AuthKeyHandler: 	Executing g_a check (2/2)...
AuthKeyHandler: 	Executing g_b check...
AuthKeyHandler: 	Preparing client_DH_inner_data...
AuthKeyHandler: 	Executing set_client_DH_params...
ResponseHandler: 	Trying to assign a response of type Set_client_DH_params_answer to its request...
ResponseHandler: 	Does the request of return type Set_client_DH_params_answer match?
ResponseHandler: 	Yes
AuthKeyHandler: 	Generating authorization key...
AuthKeyHandler: 	Diffie Hellman key exchange processed successfully!
AuthKeyHandler: 	Auth key generated
AuthKeyHandler: 	Binding authorization keys...
CallHandler:    	Writing client info (also executing auth.bindTempAuthKey)...
MsgIdHandler:   	WARNING: Given message id (6604102794219885569) is bigger than or equal to the current limit (6604102794219842561). Consider syncing your date.
AuthKeyHandler: 	Successfully binded temporary and permanent authorization keys, DC 1
CallHandler:    	Writing client info (also executing help.getConfig)...
AuthKeyHandler: 	Generating permanent authorization key for DC 3...
AuthKeyHandler: 	Requesting pq...
ResponseHandler: 	Trying to assign a response of type ResPQ to its request...
ResponseHandler: 	Does the request of return type ResPQ match?
ResponseHandler: 	Yes
AuthKeyHandler: 	Factorization 1394807917739943139 = 1158373661 * 1204108799
RSA:            	Encrypting with rsa key...
AuthKeyHandler: 	Starting Diffie Hellman key exchange
ResponseHandler: 	Trying to assign a response of type Server_DH_Params to its request...
ResponseHandler: 	Does the request of return type Server_DH_Params match?
ResponseHandler: 	Yes
AuthKeyHandler: 	Server-client time delta = -1.0 s
AuthKeyHandler: 	Executing p/g checks (1/2)...
AuthKeyHandler: 	Executing p/g checks (2/2)...
AuthKeyHandler: 	Executing g check...
AuthKeyHandler: 	Executing g_a check (1/2)...
AuthKeyHandler: 	Executing g_a check (2/2)...
AuthKeyHandler: 	Generating b...
AuthKeyHandler: 	Generating g_b...
AuthKeyHandler: 	Executing g_a check (1/2)...
AuthKeyHandler: 	Executing g_a check (2/2)...
AuthKeyHandler: 	Executing g_b check...
AuthKeyHandler: 	Preparing client_DH_inner_data...
AuthKeyHandler: 	Executing set_client_DH_params...
ResponseHandler: 	Trying to assign a response of type Set_client_DH_params_answer to its request...
ResponseHandler: 	Does the request of return type Set_client_DH_params_answer match?
ResponseHandler: 	Yes
AuthKeyHandler: 	Generating authorization key...
AuthKeyHandler: 	Diffie Hellman key exchange processed successfully!
AuthKeyHandler: 	Auth key generated
AuthKeyHandler: 	Generating temporary authorization key for DC 3...
AuthKeyHandler: 	Requesting pq...
ResponseHandler: 	Trying to assign a response of type ResPQ to its request...
ResponseHandler: 	Does the request of return type ResPQ match?
ResponseHandler: 	Yes
AuthKeyHandler: 	Factorization 3221761765429034017 = 1779729467 * 1810253651
RSA:            	Encrypting with rsa key...
AuthKeyHandler: 	Starting Diffie Hellman key exchange
ResponseHandler: 	Trying to assign a response of type Server_DH_Params to its request...
ResponseHandler: 	Does the request of return type Server_DH_Params match?
ResponseHandler: 	Yes
AuthKeyHandler: 	Server-client time delta = 0.0 s
AuthKeyHandler: 	Executing p/g checks (1/2)...
AuthKeyHandler: 	Executing p/g checks (2/2)...
AuthKeyHandler: 	Executing g check...
AuthKeyHandler: 	Executing g_a check (1/2)...
AuthKeyHandler: 	Executing g_a check (2/2)...
AuthKeyHandler: 	Generating b...
AuthKeyHandler: 	Generating g_b...
AuthKeyHandler: 	Executing g_a check (1/2)...
AuthKeyHandler: 	Executing g_a check (2/2)...
AuthKeyHandler: 	Executing g_b check...
AuthKeyHandler: 	Preparing client_DH_inner_data...
AuthKeyHandler: 	Executing set_client_DH_params...
ResponseHandler: 	Trying to assign a response of type Set_client_DH_params_answer to its request...
ResponseHandler: 	Does the request of return type Set_client_DH_params_answer match?
ResponseHandler: 	Yes
AuthKeyHandler: 	Generating authorization key...
AuthKeyHandler: 	Diffie Hellman key exchange processed successfully!
AuthKeyHandler: 	Auth key generated
AuthKeyHandler: 	Binding authorization keys...
CallHandler:    	Writing client info (also executing auth.bindTempAuthKey)...
MsgIdHandler:   	WARNING: Given message id (6604102816010707969) is bigger than or equal to the current limit (6604102816010682369). Consider syncing your date.
AuthKeyHandler: 	Successfully binded temporary and permanent authorization keys, DC 3
CallHandler:    	Writing client info (also executing help.getConfig)...
AuthKeyHandler: 	Generating permanent authorization key for DC 4...
AuthKeyHandler: 	Requesting pq...
ResponseHandler: 	Trying to assign a response of type ResPQ to its request...
ResponseHandler: 	Does the request of return type ResPQ match?
ResponseHandler: 	Yes
AuthKeyHandler: 	Factorization 1749247527320111921 = 1059216107 * 1651454803
RSA:            	Encrypting with rsa key...
AuthKeyHandler: 	Starting Diffie Hellman key exchange
ResponseHandler: 	Trying to assign a response of type Server_DH_Params to its request...
ResponseHandler: 	Does the request of return type Server_DH_Params match?
ResponseHandler: 	Yes
AuthKeyHandler: 	Server-client time delta = -1.0 s
AuthKeyHandler: 	Executing p/g checks (1/2)...
AuthKeyHandler: 	Executing p/g checks (2/2)...
AuthKeyHandler: 	Executing g check...
AuthKeyHandler: 	Executing g_a check (1/2)...
AuthKeyHandler: 	Executing g_a check (2/2)...
AuthKeyHandler: 	Generating b...
AuthKeyHandler: 	Generating g_b...
AuthKeyHandler: 	Executing g_a check (1/2)...
AuthKeyHandler: 	Executing g_a check (2/2)...
AuthKeyHandler: 	Executing g_b check...
AuthKeyHandler: 	Preparing client_DH_inner_data...
AuthKeyHandler: 	Executing set_client_DH_params...
ResponseHandler: 	Trying to assign a response of type Set_client_DH_params_answer to its request...
ResponseHandler: 	Does the request of return type Set_client_DH_params_answer match?
ResponseHandler: 	Yes
AuthKeyHandler: 	Generating authorization key...
AuthKeyHandler: 	Diffie Hellman key exchange processed successfully!
AuthKeyHandler: 	Auth key generated
AuthKeyHandler: 	Generating temporary authorization key for DC 4...
AuthKeyHandler: 	Requesting pq...
ResponseHandler: 	Trying to assign a response of type ResPQ to its request...
ResponseHandler: 	Does the request of return type ResPQ match?
ResponseHandler: 	Yes
AuthKeyHandler: 	Factorization 1672367831498896957 = 1053799141 * 1586989177
RSA:            	Encrypting with rsa key...
AuthKeyHandler: 	Starting Diffie Hellman key exchange
ResponseHandler: 	Trying to assign a response of type Server_DH_Params to its request...
ResponseHandler: 	Does the request of return type Server_DH_Params match?
ResponseHandler: 	Yes
AuthKeyHandler: 	Server-client time delta = 0.0 s
AuthKeyHandler: 	Executing p/g checks (1/2)...
AuthKeyHandler: 	Executing p/g checks (2/2)...
AuthKeyHandler: 	Executing g check...
AuthKeyHandler: 	Executing g_a check (1/2)...
AuthKeyHandler: 	Executing g_a check (2/2)...
AuthKeyHandler: 	Generating b...
AuthKeyHandler: 	Generating g_b...
AuthKeyHandler: 	Executing g_a check (1/2)...
AuthKeyHandler: 	Executing g_a check (2/2)...
AuthKeyHandler: 	Executing g_b check...
AuthKeyHandler: 	Preparing client_DH_inner_data...
AuthKeyHandler: 	Executing set_client_DH_params...
ResponseHandler: 	Trying to assign a response of type Set_client_DH_params_answer to its request...
ResponseHandler: 	Does the request of return type Set_client_DH_params_answer match?
ResponseHandler: 	Yes
AuthKeyHandler: 	Generating authorization key...
AuthKeyHandler: 	Diffie Hellman key exchange processed successfully!
AuthKeyHandler: 	Auth key generated
AuthKeyHandler: 	Binding authorization keys...
CallHandler:    	Writing client info (also executing auth.bindTempAuthKey)...
MsgIdHandler:   	WARNING: Given message id (6604102831282243585) is bigger than or equal to the current limit (6604102831282205697). Consider syncing your date.
AuthKeyHandler: 	Successfully binded temporary and permanent authorization keys, DC 4
CallHandler:    	Writing client info (also executing help.getConfig)...
AuthKeyHandler: 	Generating temporary authorization key for DC 4_media...
AuthKeyHandler: 	Requesting pq...
ResponseHandler: 	Trying to assign a response of type ResPQ to its request...
ResponseHandler: 	Does the request of return type ResPQ match?
ResponseHandler: 	Yes
AuthKeyHandler: 	Factorization 1078147249930844299 = 1032062267 * 1044653297
RSA:            	Encrypting with rsa key...
AuthKeyHandler: 	Starting Diffie Hellman key exchange
ResponseHandler: 	Trying to assign a response of type Server_DH_Params to its request...
ResponseHandler: 	Does the request of return type Server_DH_Params match?
ResponseHandler: 	Yes
AuthKeyHandler: 	Server-client time delta = 0.0 s
AuthKeyHandler: 	Executing p/g checks (1/2)...
AuthKeyHandler: 	Executing p/g checks (2/2)...
AuthKeyHandler: 	Executing g check...
AuthKeyHandler: 	Executing g_a check (1/2)...
AuthKeyHandler: 	Executing g_a check (2/2)...
AuthKeyHandler: 	Generating b...
AuthKeyHandler: 	Generating g_b...
AuthKeyHandler: 	Executing g_a check (1/2)...
AuthKeyHandler: 	Executing g_a check (2/2)...
AuthKeyHandler: 	Executing g_b check...
AuthKeyHandler: 	Preparing client_DH_inner_data...
AuthKeyHandler: 	Executing set_client_DH_params...
ResponseHandler: 	Trying to assign a response of type Set_client_DH_params_answer to its request...
ResponseHandler: 	Does the request of return type Set_client_DH_params_answer match?
ResponseHandler: 	Yes
AuthKeyHandler: 	Generating authorization key...
AuthKeyHandler: 	Diffie Hellman key exchange processed successfully!
AuthKeyHandler: 	Auth key generated
AuthKeyHandler: 	Binding authorization keys...
CallHandler:    	Writing client info (also executing auth.bindTempAuthKey)...
MsgIdHandler:   	WARNING: Given message id (6604102841503579137) is bigger than or equal to the current limit (6604102841503541249). Consider syncing your date.
AuthKeyHandler: 	Successfully binded temporary and permanent authorization keys, DC 4_media
CallHandler:    	Writing client info (also executing help.getConfig)...
AuthKeyHandler: 	Generating permanent authorization key for DC 5...
AuthKeyHandler: 	Requesting pq...
ResponseHandler: 	Trying to assign a response of type ResPQ to its request...
ResponseHandler: 	Does the request of return type ResPQ match?
ResponseHandler: 	Yes
AuthKeyHandler: 	Factorization 2444312566778621629 = 1499730317 * 1629834737
RSA:            	Encrypting with rsa key...
AuthKeyHandler: 	Starting Diffie Hellman key exchange
ResponseHandler: 	Trying to assign a response of type Server_DH_Params to its request...
ResponseHandler: 	Does the request of return type Server_DH_Params match?
ResponseHandler: 	Yes
AuthKeyHandler: 	Server-client time delta = 0.0 s
AuthKeyHandler: 	Executing p/g checks (1/2)...
AuthKeyHandler: 	Executing p/g checks (2/2)...
AuthKeyHandler: 	Executing g check...
AuthKeyHandler: 	Executing g_a check (1/2)...
AuthKeyHandler: 	Executing g_a check (2/2)...
AuthKeyHandler: 	Generating b...
AuthKeyHandler: 	Generating g_b...
AuthKeyHandler: 	Executing g_a check (1/2)...
AuthKeyHandler: 	Executing g_a check (2/2)...
AuthKeyHandler: 	Executing g_b check...
AuthKeyHandler: 	Preparing client_DH_inner_data...
AuthKeyHandler: 	Executing set_client_DH_params...
ResponseHandler: 	Trying to assign a response of type Set_client_DH_params_answer to its request...
ResponseHandler: 	Does the request of return type Set_client_DH_params_answer match?
ResponseHandler: 	Yes
AuthKeyHandler: 	Generating authorization key...
AuthKeyHandler: 	Diffie Hellman key exchange processed successfully!
AuthKeyHandler: 	Auth key generated
AuthKeyHandler: 	Generating temporary authorization key for DC 5...
AuthKeyHandler: 	Requesting pq...
ResponseHandler: 	Trying to assign a response of type ResPQ to its request...
ResponseHandler: 	Does the request of return type ResPQ match?
ResponseHandler: 	Yes
AuthKeyHandler: 	Factorization 3176704958653156103 = 1767581479 * 1797204257
RSA:            	Encrypting with rsa key...
AuthKeyHandler: 	Starting Diffie Hellman key exchange
ResponseHandler: 	Trying to assign a response of type Server_DH_Params to its request...
ResponseHandler: 	Does the request of return type Server_DH_Params match?
ResponseHandler: 	Yes
AuthKeyHandler: 	Server-client time delta = 0.0 s
AuthKeyHandler: 	Executing p/g checks (1/2)...
AuthKeyHandler: 	Executing p/g checks (2/2)...
AuthKeyHandler: 	Executing g check...
AuthKeyHandler: 	Executing g_a check (1/2)...
AuthKeyHandler: 	Executing g_a check (2/2)...
AuthKeyHandler: 	Generating b...
AuthKeyHandler: 	Generating g_b...
AuthKeyHandler: 	Executing g_a check (1/2)...
AuthKeyHandler: 	Executing g_a check (2/2)...
AuthKeyHandler: 	Executing g_b check...
AuthKeyHandler: 	Preparing client_DH_inner_data...
AuthKeyHandler: 	Executing set_client_DH_params...
ResponseHandler: 	Trying to assign a response of type Set_client_DH_params_answer to its request...
ResponseHandler: 	Does the request of return type Set_client_DH_params_answer match?
ResponseHandler: 	Yes
AuthKeyHandler: 	Generating authorization key...
AuthKeyHandler: 	Diffie Hellman key exchange processed successfully!
AuthKeyHandler: 	Auth key generated
AuthKeyHandler: 	Binding authorization keys...
CallHandler:    	Writing client info (also executing auth.bindTempAuthKey)...
MsgIdHandler:   	WARNING: Given message id (6604102857549651969) is bigger than or equal to the current limit (6604102857549609985). Consider syncing your date.
AuthKeyHandler: 	Successfully binded temporary and permanent authorization keys, DC 5
CallHandler:    	Writing client info (also executing help.getConfig)...
MTProto:        	Updated config!
MTProto:        	{
    "_": "config",
    "phonecalls_enabled": false,
    "default_p2p_contacts": false,
    "preload_featured_stickers": false,
    "ignore_phone_entities": false,
    "revoke_pm_inbox": false,
    "blocked_mode": false,
    "date": 1537637500,
    "expires": 1537640722,
    "test_mode": false,
    "this_dc": 2,
    "dc_txt_domain_name": "apv2.stel.com",
    "chat_size_max": 200,
    "megagroup_size_max": 100000,
    "forwarded_count_max": 100,
    "online_update_period_ms": 120000,
    "offline_blur_timeout_ms": 5000,
    "offline_idle_timeout_ms": 30000,
    "online_cloud_timeout_ms": 300000,
    "notify_cloud_delay_ms": 30000,
    "notify_default_delay_ms": 1500,
    "push_chat_period_ms": 60000,
    "push_chat_limit": 2,
    "saved_gifs_limit": 200,
    "edit_time_limit": 172800,
    "revoke_time_limit": 172800,
    "revoke_pm_time_limit": 172800,
    "rating_e_decay": 2419200,
    "stickers_recent_limit": 200,
    "stickers_faved_limit": 5,
    "channels_read_media_period": 604800,
    "pinned_dialogs_count_max": 5,
    "call_receive_timeout_ms": 20000,
    "call_ring_timeout_ms": 90000,
    "call_connect_timeout_ms": 30000,
    "call_packet_timeout_ms": 10000,
    "me_url_prefix": "https://t.me/",
    "gif_search_username": "gif",
    "venue_search_username": "foursquare",
    "img_search_username": "bing",
    "caption_length_max": 200,
    "message_length_max": 4096,
    "webfile_dc_id": 4
}
MTProto:        	We're in ID, nearest DC is 5.
API:            	Running APIFactory...
APIFactory:     	Didn't serialize in a while, doing that now...
API:            	Serializing MadelineProto...
Serialization:  	Waiting for exclusive lock of serialization lockfile...
Serialization:  	Lock acquired, serializing
API:            	MadelineProto is ready!
API:            	Serializing MadelineProto...
Serialization:  	Waiting for exclusive lock of serialization lockfile...
Serialization:  	Lock acquired, serializing
Logger:         	MadelineProto
Logger:         	Copyright (C) 2016-2018 Daniil Gentili
Logger:         	Licensed under AGPLv3
Logger:         	https://github.com/danog/MadelineProto
DataCenter:     	Disconnecting from DC 2...
DataCenter:     	Disconnecting from DC 1...
DataCenter:     	Disconnecting from DC 3...
DataCenter:     	Disconnecting from DC 4...
DataCenter:     	Disconnecting from DC 4_media...
DataCenter:     	Disconnecting from DC 5...
DataCenter:     	Connecting to DC 2 (main server, ipv4, tcp_abridged)...
DataCenter:     	Trying connection on port 443 of 149.154.167.51...
DataCenter:     	OK!
DataCenter:     	Connecting to DC 1 (main server, ipv4, tcp_abridged)...
DataCenter:     	Trying connection on port 443 of 149.154.175.50...
DataCenter:     	OK!
DataCenter:     	Connecting to DC 3 (main server, ipv4, tcp_abridged)...
DataCenter:     	Trying connection on port 443 of 149.154.175.100...
DataCenter:     	OK!
DataCenter:     	Connecting to DC 4 (main server, ipv4, tcp_abridged)...
DataCenter:     	Trying connection on port 443 of 149.154.167.91...
DataCenter:     	OK!
DataCenter:     	Connecting to DC 4_media (main server, ipv4, tcp_abridged)...
DataCenter:     	Trying connection on port 443 of 149.154.166.120...
DataCenter:     	OK!
DataCenter:     	Connecting to DC 5 (main server, ipv4, tcp_abridged)...
DataCenter:     	Trying connection on port 443 of 91.108.56.177...
DataCenter:     	OK!
CallHandler:    	An error getting response of method users.getUsers: Nothing in the socket! in Socket on line 257. Retrying...
MessageHandler: 	Trying to read from closed socket, sending initial ping
MsgIdHandler:   	WARNING: Given message id (6604102904690495489) is bigger than or equal to the current limit (6604102904659635201). Consider syncing your date.
MsgIdHandler:   	WARNING: Given message id (6604102915219872769) is bigger than or equal to the current limit (6604102904690495489). Consider syncing your date.
CallHandler:    	An error getting response of method users.getUsers: Nothing in the socket! in Socket on line 257. Retrying...
MTProto:        	The authorization key has expired
APIFactory:     	Didn't serialize in a while, doing that now...
API:            	Serializing MadelineProto...
Serialization:  	Waiting for exclusive lock of serialization lockfile...
Serialization:  	Lock acquired, serializing
API:            	Serializing MadelineProto...
Serialization:  	Waiting for exclusive lock of serialization lockfile...
Serialization:  	Lock acquired, serializing
Logger:         	MadelineProto
Logger:         	Copyright (C) 2016-2018 Daniil Gentili
Logger:         	Licensed under AGPLv3
Logger:         	https://github.com/danog/MadelineProto
DataCenter:     	Disconnecting from DC 2...
DataCenter:     	Disconnecting from DC 1...
DataCenter:     	Disconnecting from DC 3...
DataCenter:     	Disconnecting from DC 4...
DataCenter:     	Disconnecting from DC 4_media...
DataCenter:     	Disconnecting from DC 5...
DataCenter:     	Connecting to DC 2 (main server, ipv4, tcp_abridged)...
DataCenter:     	Trying connection on port 443 of 149.154.167.51...
DataCenter:     	OK!
DataCenter:     	Connecting to DC 1 (main server, ipv4, tcp_abridged)...
DataCenter:     	Trying connection on port 443 of 149.154.175.50...
DataCenter:     	OK!
DataCenter:     	Connecting to DC 3 (main server, ipv4, tcp_abridged)...
DataCenter:     	Trying connection on port 443 of 149.154.175.100...
DataCenter:     	OK!
DataCenter:     	Connecting to DC 4 (main server, ipv4, tcp_abridged)...
DataCenter:     	Trying connection on port 443 of 149.154.167.91...
DataCenter:     	OK!
DataCenter:     	Connecting to DC 4_media (main server, ipv4, tcp_abridged)...
DataCenter:     	Trying connection on port 443 of 149.154.166.120...
DataCenter:     	OK!
DataCenter:     	Connecting to DC 5 (main server, ipv4, tcp_abridged)...
DataCenter:     	Trying connection on port 443 of 91.108.56.177...
DataCenter:     	OK!
MsgIdHandler:   	WARNING: Given message id (6604102984285402113) is bigger than or equal to the current limit (6604102984285350913). Consider syncing your date.
MTProto:        	The authorization key has expired
APIFactory:     	Didn't serialize in a while, doing that now...
API:            	Serializing MadelineProto...
Serialization:  	Waiting for exclusive lock of serialization lockfile...
Serialization:  	Lock acquired, serializing
Login:          	Sending code...
Login:          	Code sent successfully! Once you receive the code you should use the complete_phone_login function.
API:            	Serializing MadelineProto...
Serialization:  	Waiting for exclusive lock of serialization lockfile...
Serialization:  	Lock acquired, serializing
Logger:         	MadelineProto
Logger:         	Copyright (C) 2016-2018 Daniil Gentili
Logger:         	Licensed under AGPLv3
Logger:         	https://github.com/danog/MadelineProto
DataCenter:     	Disconnecting from DC 2...
DataCenter:     	Disconnecting from DC 1...
DataCenter:     	Disconnecting from DC 3...
DataCenter:     	Disconnecting from DC 4...
DataCenter:     	Disconnecting from DC 4_media...
DataCenter:     	Disconnecting from DC 5...
DataCenter:     	Connecting to DC 2 (main server, ipv4, tcp_abridged)...
DataCenter:     	Trying connection on port 443 of 149.154.167.51...
DataCenter:     	OK!
DataCenter:     	Connecting to DC 1 (main server, ipv4, tcp_abridged)...
DataCenter:     	Trying connection on port 443 of 149.154.175.50...
DataCenter:     	OK!
DataCenter:     	Connecting to DC 3 (main server, ipv4, tcp_abridged)...
DataCenter:     	Trying connection on port 443 of 149.154.175.100...
DataCenter:     	OK!
DataCenter:     	Connecting to DC 4 (main server, ipv4, tcp_abridged)...
DataCenter:     	Trying connection on port 443 of 149.154.167.91...
DataCenter:     	OK!
DataCenter:     	Connecting to DC 4_media (main server, ipv4, tcp_abridged)...
DataCenter:     	Trying connection on port 443 of 149.154.166.120...
DataCenter:     	OK!
DataCenter:     	Connecting to DC 5 (main server, ipv4, tcp_abridged)...
DataCenter:     	Trying connection on port 443 of 91.108.56.177...
DataCenter:     	OK!
MsgIdHandler:   	WARNING: Given message id (6604103035344803841) is bigger than or equal to the current limit (6604103035344777217). Consider syncing your date.
MTProto:        	The authorization key has expired
APIFactory:     	Didn't serialize in a while, doing that now...
API:            	Serializing MadelineProto...
Serialization:  	Waiting for exclusive lock of serialization lockfile...
Serialization:  	Lock acquired, serializing
Login:          	Logging in as a normal user...
PeerHandler:    	Handling pending pwrchat queries...
AuthKeyHandler: 	Trying to copy authorization from dc 5 to dc 2
MsgIdHandler:   	WARNING: Given message id (6604103041157680129) is bigger than or equal to the current limit (6604103041157566465). Consider syncing your date.
AuthKeyHandler: 	Trying to copy authorization from dc 5 to dc 1
MsgIdHandler:   	WARNING: Given message id (6604103046544010241) is bigger than or equal to the current limit (6604103046543961089). Consider syncing your date.
AuthKeyHandler: 	Trying to copy authorization from dc 5 to dc 3
MsgIdHandler:   	WARNING: Given message id (6604103051952201729) is bigger than or equal to the current limit (6604103051952171009). Consider syncing your date.
AuthKeyHandler: 	Trying to copy authorization from dc 5 to dc 4
MsgIdHandler:   	WARNING: Given message id (6604103055967363073) is bigger than or equal to the current limit (6604103055967331329). Consider syncing your date.
Login:          	Logged in successfully!
API:            	Serializing MadelineProto...
Serialization:  	Waiting for exclusive lock of serialization lockfile...
Serialization:  	Lock acquired, serializing
TOS:            	Fetching TOS...
index:          	{
    "_": "user",
    "self": true,
    "contact": false,
    "mutual_contact": false,
    "deleted": false,
    "bot": false,
    "bot_chat_history": false,
    "bot_nochats": false,
    "verified": false,
    "restricted": false,
    "min": false,
    "bot_inline_geo": false,
    "id": 562623987,
    "access_hash": -6902989230888642154,
    "first_name": "Risal",
    "last_name": "Darmala",
    "username": "amavis_d",
    "phone": "6283128241555",
    "photo": {
        "_": "userProfilePhoto",
        "photo_id": 2416451624566368173,
        "photo_small": {
            "_": "fileLocation",
            "dc_id": 5,
            "volume_id": 852840379,
            "local_id": 95281,
            "secret": 4499880661870477576
        },
        "photo_big": {
            "_": "fileLocation",
            "dc_id": 5,
            "volume_id": 852840379,
            "local_id": 95283,
            "secret": -7131675866850253939
        }
    },
    "status": {
        "_": "userStatusOnline",
        "expires": 1537637772
    }
}
PeerHandler:    	Handling pending pwrchat queries...
API:            	Serializing MadelineProto...
Serialization:  	Waiting for exclusive lock of serialization lockfile...
Serialization:  	Lock acquired, serializing
Logger, amavis_d:         	MadelineProto
Logger, amavis_d:         	Copyright (C) 2016-2018 Daniil Gentili
Logger, amavis_d:         	Licensed under AGPLv3
Logger, amavis_d:         	https://github.com/danog/MadelineProto
DataCenter, amavis_d:     	Disconnecting from DC 2...
DataCenter, amavis_d:     	Disconnecting from DC 1...
DataCenter, amavis_d:     	Disconnecting from DC 3...
DataCenter, amavis_d:     	Disconnecting from DC 4...
DataCenter, amavis_d:     	Disconnecting from DC 4_media...
DataCenter, amavis_d:     	Disconnecting from DC 5...
DataCenter, amavis_d:     	Connecting to DC 2 (main server, ipv4, tcp_abridged)...
DataCenter, amavis_d:     	Trying connection on port 443 of 149.154.167.51...
DataCenter, amavis_d:     	OK!
DataCenter, amavis_d:     	Connecting to DC 1 (main server, ipv4, tcp_abridged)...
DataCenter, amavis_d:     	Trying connection on port 443 of 149.154.175.50...
DataCenter, amavis_d:     	OK!
DataCenter, amavis_d:     	Connecting to DC 3 (main server, ipv4, tcp_abridged)...
DataCenter, amavis_d:     	Trying connection on port 443 of 149.154.175.100...
DataCenter, amavis_d:     	OK!
DataCenter, amavis_d:     	Connecting to DC 4 (main server, ipv4, tcp_abridged)...
DataCenter, amavis_d:     	Trying connection on port 443 of 149.154.167.91...
DataCenter, amavis_d:     	OK!
DataCenter, amavis_d:     	Connecting to DC 4_media (main server, ipv4, tcp_abridged)...
DataCenter, amavis_d:     	Trying connection on port 443 of 149.154.166.120...
DataCenter, amavis_d:     	OK!
DataCenter, amavis_d:     	Connecting to DC 5 (main server, ipv4, tcp_abridged)...
DataCenter, amavis_d:     	Trying connection on port 443 of 91.108.56.177...
DataCenter, amavis_d:     	OK!
MsgIdHandler, amavis_d:   	WARNING: Given message id (6604103152550903809) is bigger than or equal to the current limit (6604103152550887425). Consider syncing your date.
APIFactory, amavis_d:     	Didn't serialize in a while, doing that now...
API, amavis_d:            	Serializing MadelineProto...
Serialization, amavis_d:  	Waiting for exclusive lock of serialization lockfile...
Serialization, amavis_d:  	Lock acquired, serializing
index, amavis_d:          	{
    "_": "user",
    "self": true,
    "contact": false,
    "mutual_contact": false,
    "deleted": false,
    "bot": false,
    "bot_chat_history": false,
    "bot_nochats": false,
    "verified": false,
    "restricted": false,
    "min": false,
    "bot_inline_geo": false,
    "id": 562623987,
    "access_hash": -6902989230888642154,
    "first_name": "Risal",
    "last_name": "Darmala",
    "username": "amavis_d",
    "phone": "6283128241555",
    "photo": {
        "_": "userProfilePhoto",
        "photo_id": 2416451624566368173,
        "photo_small": {
            "_": "fileLocation",
            "dc_id": 5,
            "volume_id": 852840379,
            "local_id": 95281,
            "secret": 4499880661870477576
        },
        "photo_big": {
            "_": "fileLocation",
            "dc_id": 5,
            "volume_id": 852840379,
            "local_id": 95283,
            "secret": -7131675866850253939
        }
    },
    "status": {
        "_": "userStatusOnline",
        "expires": 1537637772
    }
}
API, amavis_d:            	Serializing MadelineProto...
Serialization, amavis_d:  	Waiting for exclusive lock of serialization lockfile...
Serialization, amavis_d:  	Lock acquired, serializing
Logger:         	MadelineProto
Logger:         	Copyright (C) 2016-2018 Daniil Gentili
Logger:         	Licensed under AGPLv3
Logger:         	https://github.com/danog/MadelineProto
TL:             	Loading TL schemes...
TL:             	Parsing TL_mtproto_v1.json...
TL:             	Parsing TL_telegram_v82.tl...
TL:             	CRC32 mismatch (402d9b47, 37982646) for ipPortSecret#37982646 ipv4:int port:int secret:bytes = IpPort;
TL:             	CRC32 mismatch (020634ce, 4679b65f) for accessPointRule#4679b65f phone_prefix_rules:string dc_id:int ips:vector<IpPort> = AccessPointRule;
TL:             	CRC32 mismatch (066d2808, 5a592a6c) for help.configSimple#5a592a6c date:int expires:int rules:vector<AccessPointRule> = help.ConfigSimple;
TL:             	CRC32 mismatch (450b7115, c88974ac) for channel#c88974ac flags:# creator:flags.0?true left:flags.2?true editor:flags.3?true broadcast:flags.5?true verified:flags.7?true megagroup:flags.8?true restricted:flags.9?true democracy:flags.10?true signatures:flags.11?true min:flags.12?true id:int access_hash:flags.13?long title:string username:flags.6?string photo:ChatPhoto date:int version:int restriction_reason:flags.9?string admin_rights:flags.14?ChannelAdminRights banned_rights:flags.15?ChannelBannedRights participants_count:flags.17?int = Chat;
TL:             	Parsing TL_secret.tl...
TL:             	Parsing TL_calls.tl...
TL:             	CRC32 mismatch (e8201c08, dbf948c1) for decryptedDataBlock#dbf948c1 random_id:long random_bytes:string flags:# voice_call_id:flags.2?int128 in_seq_no:flags.4?int out_seq_no:flags.4?int recent_received_mask:flags.5?int proto:flags.3?int extra:flags.1?string raw_data:flags.0?string = DecryptedDataBlock;
TL:             	CRC32 mismatch (d20a6f5c, cc0d0e76) for simpleDataBlock#cc0d0e76 random_id:long random_bytes:string raw_data:string = DecryptedDataBlock;
TL:             	Parsing TL_botAPI.tl...
DataCenter:     	Connecting to DC 2 (main server, ipv4, tcp_abridged)...
DataCenter:     	Trying connection on port 443 of 149.154.167.51...
DataCenter:     	OK!
AuthKeyHandler: 	Generating permanent authorization key for DC 2...
AuthKeyHandler: 	Requesting pq...
ResponseHandler: 	Trying to assign a response of type ResPQ to its request...
ResponseHandler: 	Does the request of return type ResPQ match?
ResponseHandler: 	Yes
AuthKeyHandler: 	Factorization 2024499208309390613 = 1112727257 * 1819402909
RSA:            	Encrypting with rsa key...
AuthKeyHandler: 	Starting Diffie Hellman key exchange
ResponseHandler: 	Trying to assign a response of type Server_DH_Params to its request...
ResponseHandler: 	Does the request of return type Server_DH_Params match?
ResponseHandler: 	Yes
AuthKeyHandler: 	Server-client time delta = -1.0 s
AuthKeyHandler: 	Executing p/g checks (1/2)...
AuthKeyHandler: 	Executing p/g checks (2/2)...
AuthKeyHandler: 	Executing g check...
AuthKeyHandler: 	Executing g_a check (1/2)...
AuthKeyHandler: 	Executing g_a check (2/2)...
AuthKeyHandler: 	Generating b...
AuthKeyHandler: 	Generating g_b...
AuthKeyHandler: 	Executing g_a check (1/2)...
AuthKeyHandler: 	Executing g_a check (2/2)...
AuthKeyHandler: 	Executing g_b check...
AuthKeyHandler: 	Preparing client_DH_inner_data...
AuthKeyHandler: 	Executing set_client_DH_params...
ResponseHandler: 	Trying to assign a response of type Set_client_DH_params_answer to its request...
ResponseHandler: 	Does the request of return type Set_client_DH_params_answer match?
ResponseHandler: 	Yes
AuthKeyHandler: 	Generating authorization key...
AuthKeyHandler: 	Diffie Hellman key exchange processed successfully!
AuthKeyHandler: 	Auth key generated
AuthKeyHandler: 	Generating temporary authorization key for DC 2...
AuthKeyHandler: 	Requesting pq...
ResponseHandler: 	Trying to assign a response of type ResPQ to its request...
ResponseHandler: 	Does the request of return type ResPQ match?
ResponseHandler: 	Yes
AuthKeyHandler: 	Factorization 2685364195147983121 = 1516118113 * 1771210417
RSA:            	Encrypting with rsa key...
AuthKeyHandler: 	Starting Diffie Hellman key exchange
ResponseHandler: 	Trying to assign a response of type Server_DH_Params to its request...
ResponseHandler: 	Does the request of return type Server_DH_Params match?
ResponseHandler: 	Yes
AuthKeyHandler: 	Server-client time delta = 0.0 s
AuthKeyHandler: 	Executing p/g checks (1/2)...
AuthKeyHandler: 	Executing p/g checks (2/2)...
AuthKeyHandler: 	Executing g check...
AuthKeyHandler: 	Executing g_a check (1/2)...
AuthKeyHandler: 	Executing g_a check (2/2)...
AuthKeyHandler: 	Generating b...
AuthKeyHandler: 	Generating g_b...
AuthKeyHandler: 	Executing g_a check (1/2)...
AuthKeyHandler: 	Executing g_a check (2/2)...
AuthKeyHandler: 	Executing g_b check...
AuthKeyHandler: 	Preparing client_DH_inner_data...
AuthKeyHandler: 	Executing set_client_DH_params...
ResponseHandler: 	Trying to assign a response of type Set_client_DH_params_answer to its request...
ResponseHandler: 	Does the request of return type Set_client_DH_params_answer match?
ResponseHandler: 	Yes
AuthKeyHandler: 	Generating authorization key...
AuthKeyHandler: 	Diffie Hellman key exchange processed successfully!
AuthKeyHandler: 	Auth key generated
AuthKeyHandler: 	Binding authorization keys...
CallHandler:    	Writing client info (also executing auth.bindTempAuthKey)...
MsgIdHandler:   	WARNING: Given message id (6604105182153017345) is bigger than or equal to the current limit (6604105182153007105). Consider syncing your date.
AuthKeyHandler: 	Successfully binded temporary and permanent authorization keys, DC 2
CallHandler:    	Writing client info (also executing help.getConfig)...
MTProto:        	Got new DC options, reconnecting
DataCenter:     	Disconnecting from DC 2...
DataCenter:     	Connecting to DC 2 (main server, ipv4, tcp_abridged)...
DataCenter:     	Trying connection on port 443 of 149.154.167.51...
DataCenter:     	OK!
DataCenter:     	Connecting to DC 1 (main server, ipv4, tcp_abridged)...
DataCenter:     	Trying connection on port 443 of 149.154.175.50...
DataCenter:     	OK!
DataCenter:     	Connecting to DC 3 (main server, ipv4, tcp_abridged)...
DataCenter:     	Trying connection on port 443 of 149.154.175.100...
DataCenter:     	OK!
DataCenter:     	Connecting to DC 4 (main server, ipv4, tcp_abridged)...
DataCenter:     	Trying connection on port 443 of 149.154.167.91...
DataCenter:     	OK!
DataCenter:     	Connecting to DC 4_media (main server, ipv4, tcp_abridged)...
DataCenter:     	Trying connection on port 443 of 149.154.166.120...
DataCenter:     	OK!
DataCenter:     	Connecting to DC 5 (main server, ipv4, tcp_abridged)...
DataCenter:     	Trying connection on port 443 of 91.108.56.177...
DataCenter:     	OK!
AuthKeyHandler: 	Generating permanent authorization key for DC 1...
AuthKeyHandler: 	Requesting pq...
ResponseHandler: 	Trying to assign a response of type ResPQ to its request...
ResponseHandler: 	Does the request of return type ResPQ match?
ResponseHandler: 	Yes
AuthKeyHandler: 	Factorization 1111532779330464221 = 1013891519 * 1096303459
RSA:            	Encrypting with rsa key...
AuthKeyHandler: 	Starting Diffie Hellman key exchange
AuthKeyHandler: 	An RPCErrorException occurred while generating the authorization key: -404 Retrying (try number 1)...
AuthKeyHandler: 	Requesting pq...
ResponseHandler: 	Trying to assign a response of type ResPQ to its request...
ResponseHandler: 	Does the request of return type ResPQ match?
ResponseHandler: 	Yes
AuthKeyHandler: 	Factorization 2556159326743461893 = 1549344733 * 1649832521
RSA:            	Encrypting with rsa key...
AuthKeyHandler: 	Starting Diffie Hellman key exchange
ResponseHandler: 	Trying to assign a response of type Server_DH_Params to its request...
ResponseHandler: 	Does the request of return type Server_DH_Params match?
ResponseHandler: 	Yes
AuthKeyHandler: 	Server-client time delta = 0.0 s
AuthKeyHandler: 	Executing p/g checks (1/2)...
AuthKeyHandler: 	Executing p/g checks (2/2)...
AuthKeyHandler: 	Executing g check...
AuthKeyHandler: 	Executing g_a check (1/2)...
AuthKeyHandler: 	Executing g_a check (2/2)...
AuthKeyHandler: 	Generating b...
AuthKeyHandler: 	Generating g_b...
AuthKeyHandler: 	Executing g_a check (1/2)...
AuthKeyHandler: 	Executing g_a check (2/2)...
AuthKeyHandler: 	Executing g_b check...
AuthKeyHandler: 	Preparing client_DH_inner_data...
AuthKeyHandler: 	Executing set_client_DH_params...
ResponseHandler: 	Trying to assign a response of type Set_client_DH_params_answer to its request...
ResponseHandler: 	Does the request of return type Set_client_DH_params_answer match?
ResponseHandler: 	Yes
AuthKeyHandler: 	Generating authorization key...
AuthKeyHandler: 	Diffie Hellman key exchange processed successfully!
AuthKeyHandler: 	Auth key generated
AuthKeyHandler: 	Generating temporary authorization key for DC 1...
AuthKeyHandler: 	Requesting pq...
ResponseHandler: 	Trying to assign a response of type ResPQ to its request...
ResponseHandler: 	Does the request of return type ResPQ match?
ResponseHandler: 	Yes
AuthKeyHandler: 	Factorization 1874334609613580929 = 1362450391 * 1375708519
RSA:            	Encrypting with rsa key...
AuthKeyHandler: 	Starting Diffie Hellman key exchange
ResponseHandler: 	Trying to assign a response of type Server_DH_Params to its request...
ResponseHandler: 	Does the request of return type Server_DH_Params match?
ResponseHandler: 	Yes
AuthKeyHandler: 	Server-client time delta = 0.0 s
AuthKeyHandler: 	Executing p/g checks (1/2)...
AuthKeyHandler: 	Executing p/g checks (2/2)...
AuthKeyHandler: 	Executing g check...
AuthKeyHandler: 	Executing g_a check (1/2)...
AuthKeyHandler: 	Executing g_a check (2/2)...
AuthKeyHandler: 	Generating b...
AuthKeyHandler: 	Generating g_b...
AuthKeyHandler: 	Executing g_a check (1/2)...
AuthKeyHandler: 	Executing g_a check (2/2)...
AuthKeyHandler: 	Executing g_b check...
AuthKeyHandler: 	Preparing client_DH_inner_data...
AuthKeyHandler: 	Executing set_client_DH_params...
ResponseHandler: 	Trying to assign a response of type Set_client_DH_params_answer to its request...
ResponseHandler: 	Does the request of return type Set_client_DH_params_answer match?
ResponseHandler: 	Yes
AuthKeyHandler: 	Generating authorization key...
AuthKeyHandler: 	Diffie Hellman key exchange processed successfully!
AuthKeyHandler: 	Auth key generated
AuthKeyHandler: 	Binding authorization keys...
CallHandler:    	Writing client info (also executing auth.bindTempAuthKey)...
MsgIdHandler:   	WARNING: Given message id (6604105205882752001) is bigger than or equal to the current limit (6604105205882702849). Consider syncing your date.
AuthKeyHandler: 	Successfully binded temporary and permanent authorization keys, DC 1
CallHandler:    	Writing client info (also executing help.getConfig)...
AuthKeyHandler: 	Generating permanent authorization key for DC 3...
AuthKeyHandler: 	Requesting pq...
ResponseHandler: 	Trying to assign a response of type ResPQ to its request...
ResponseHandler: 	Does the request of return type ResPQ match?
ResponseHandler: 	Yes
AuthKeyHandler: 	Factorization 2765351737362397373 = 1649538439 * 1676439707
RSA:            	Encrypting with rsa key...
AuthKeyHandler: 	Starting Diffie Hellman key exchange
ResponseHandler: 	Trying to assign a response of type Server_DH_Params to its request...
ResponseHandler: 	Does the request of return type Server_DH_Params match?
ResponseHandler: 	Yes
AuthKeyHandler: 	Server-client time delta = 0.0 s
AuthKeyHandler: 	Executing p/g checks (1/2)...
AuthKeyHandler: 	Executing p/g checks (2/2)...
AuthKeyHandler: 	Executing g check...
AuthKeyHandler: 	Executing g_a check (1/2)...
AuthKeyHandler: 	Executing g_a check (2/2)...
AuthKeyHandler: 	Generating b...
AuthKeyHandler: 	Generating g_b...
AuthKeyHandler: 	Executing g_a check (1/2)...
AuthKeyHandler: 	Executing g_a check (2/2)...
AuthKeyHandler: 	Executing g_b check...
AuthKeyHandler: 	Preparing client_DH_inner_data...
AuthKeyHandler: 	Executing set_client_DH_params...
ResponseHandler: 	Trying to assign a response of type Set_client_DH_params_answer to its request...
ResponseHandler: 	Does the request of return type Set_client_DH_params_answer match?
ResponseHandler: 	Yes
AuthKeyHandler: 	Generating authorization key...
AuthKeyHandler: 	Diffie Hellman key exchange processed successfully!
AuthKeyHandler: 	Auth key generated
AuthKeyHandler: 	Generating temporary authorization key for DC 3...
AuthKeyHandler: 	Requesting pq...
ResponseHandler: 	Trying to assign a response of type ResPQ to its request...
ResponseHandler: 	Does the request of return type ResPQ match?
ResponseHandler: 	Yes
AuthKeyHandler: 	Factorization 1247648249142060923 = 1071686309 * 1164191647
RSA:            	Encrypting with rsa key...
AuthKeyHandler: 	Starting Diffie Hellman key exchange
ResponseHandler: 	Trying to assign a response of type Server_DH_Params to its request...
ResponseHandler: 	Does the request of return type Server_DH_Params match?
ResponseHandler: 	Yes
AuthKeyHandler: 	Server-client time delta = 0.0 s
AuthKeyHandler: 	Executing p/g checks (1/2)...
AuthKeyHandler: 	Executing p/g checks (2/2)...
AuthKeyHandler: 	Executing g check...
AuthKeyHandler: 	Executing g_a check (1/2)...
AuthKeyHandler: 	Executing g_a check (2/2)...
AuthKeyHandler: 	Generating b...
AuthKeyHandler: 	Generating g_b...
AuthKeyHandler: 	Executing g_a check (1/2)...
AuthKeyHandler: 	Executing g_a check (2/2)...
AuthKeyHandler: 	Executing g_b check...
AuthKeyHandler: 	Preparing client_DH_inner_data...
AuthKeyHandler: 	Executing set_client_DH_params...
ResponseHandler: 	Trying to assign a response of type Set_client_DH_params_answer to its request...
ResponseHandler: 	Does the request of return type Set_client_DH_params_answer match?
ResponseHandler: 	Yes
AuthKeyHandler: 	Generating authorization key...
AuthKeyHandler: 	Diffie Hellman key exchange processed successfully!
AuthKeyHandler: 	Auth key generated
AuthKeyHandler: 	Binding authorization keys...
CallHandler:    	Writing client info (also executing auth.bindTempAuthKey)...
MsgIdHandler:   	WARNING: Given message id (6604105224213433345) is bigger than or equal to the current limit (6604105224213400577). Consider syncing your date.
AuthKeyHandler: 	Successfully binded temporary and permanent authorization keys, DC 3
CallHandler:    	Writing client info (also executing help.getConfig)...
AuthKeyHandler: 	Generating permanent authorization key for DC 4...
AuthKeyHandler: 	Requesting pq...
ResponseHandler: 	Trying to assign a response of type ResPQ to its request...
ResponseHandler: 	Does the request of return type ResPQ match?
ResponseHandler: 	Yes
AuthKeyHandler: 	Factorization 3412475056954400441 = 1764203321 * 1934286721
RSA:            	Encrypting with rsa key...
AuthKeyHandler: 	Starting Diffie Hellman key exchange
ResponseHandler: 	Trying to assign a response of type Server_DH_Params to its request...
ResponseHandler: 	Does the request of return type Server_DH_Params match?
ResponseHandler: 	Yes
AuthKeyHandler: 	Server-client time delta = -1.0 s
AuthKeyHandler: 	Executing p/g checks (1/2)...
AuthKeyHandler: 	Executing p/g checks (2/2)...
AuthKeyHandler: 	Executing g check...
AuthKeyHandler: 	Executing g_a check (1/2)...
AuthKeyHandler: 	Executing g_a check (2/2)...
AuthKeyHandler: 	Generating b...
AuthKeyHandler: 	Generating g_b...
AuthKeyHandler: 	Executing g_a check (1/2)...
AuthKeyHandler: 	Executing g_a check (2/2)...
AuthKeyHandler: 	Executing g_b check...
AuthKeyHandler: 	Preparing client_DH_inner_data...
AuthKeyHandler: 	Executing set_client_DH_params...
ResponseHandler: 	Trying to assign a response of type Set_client_DH_params_answer to its request...
ResponseHandler: 	Does the request of return type Set_client_DH_params_answer match?
ResponseHandler: 	Yes
AuthKeyHandler: 	Generating authorization key...
AuthKeyHandler: 	Diffie Hellman key exchange processed successfully!
AuthKeyHandler: 	Auth key generated
AuthKeyHandler: 	Generating temporary authorization key for DC 4...
AuthKeyHandler: 	Requesting pq...
ResponseHandler: 	Trying to assign a response of type ResPQ to its request...
ResponseHandler: 	Does the request of return type ResPQ match?
ResponseHandler: 	Yes
AuthKeyHandler: 	Factorization 3187231262662499651 = 1614211811 * 1974481441
RSA:            	Encrypting with rsa key...
AuthKeyHandler: 	Starting Diffie Hellman key exchange
ResponseHandler: 	Trying to assign a response of type Server_DH_Params to its request...
ResponseHandler: 	Does the request of return type Server_DH_Params match?
ResponseHandler: 	Yes
AuthKeyHandler: 	Server-client time delta = 0.0 s
AuthKeyHandler: 	Executing p/g checks (1/2)...
AuthKeyHandler: 	Executing p/g checks (2/2)...
AuthKeyHandler: 	Executing g check...
AuthKeyHandler: 	Executing g_a check (1/2)...
AuthKeyHandler: 	Executing g_a check (2/2)...
AuthKeyHandler: 	Generating b...
AuthKeyHandler: 	Generating g_b...
AuthKeyHandler: 	Executing g_a check (1/2)...
AuthKeyHandler: 	Executing g_a check (2/2)...
AuthKeyHandler: 	Executing g_b check...
AuthKeyHandler: 	Preparing client_DH_inner_data...
AuthKeyHandler: 	Executing set_client_DH_params...
ResponseHandler: 	Trying to assign a response of type Set_client_DH_params_answer to its request...
ResponseHandler: 	Does the request of return type Set_client_DH_params_answer match?
ResponseHandler: 	Yes
AuthKeyHandler: 	Generating authorization key...
AuthKeyHandler: 	Diffie Hellman key exchange processed successfully!
AuthKeyHandler: 	Auth key generated
AuthKeyHandler: 	Binding authorization keys...
CallHandler:    	Writing client info (also executing auth.bindTempAuthKey)...
MsgIdHandler:   	WARNING: Given message id (6604105241554119681) is bigger than or equal to the current limit (6604105241554079745). Consider syncing your date.
AuthKeyHandler: 	Successfully binded temporary and permanent authorization keys, DC 4
CallHandler:    	Writing client info (also executing help.getConfig)...
AuthKeyHandler: 	Generating temporary authorization key for DC 4_media...
AuthKeyHandler: 	Requesting pq...
ResponseHandler: 	Trying to assign a response of type ResPQ to its request...
ResponseHandler: 	Does the request of return type ResPQ match?
ResponseHandler: 	Yes
AuthKeyHandler: 	Factorization 2747119952981829889 = 1425208951 * 1927520839
RSA:            	Encrypting with rsa key...
AuthKeyHandler: 	Starting Diffie Hellman key exchange
ResponseHandler: 	Trying to assign a response of type Server_DH_Params to its request...
ResponseHandler: 	Does the request of return type Server_DH_Params match?
ResponseHandler: 	Yes
AuthKeyHandler: 	Server-client time delta = 0.0 s
AuthKeyHandler: 	Executing p/g checks (1/2)...
AuthKeyHandler: 	Executing p/g checks (2/2)...
AuthKeyHandler: 	Executing g check...
AuthKeyHandler: 	Executing g_a check (1/2)...
AuthKeyHandler: 	Executing g_a check (2/2)...
AuthKeyHandler: 	Generating b...
AuthKeyHandler: 	Generating g_b...
AuthKeyHandler: 	Executing g_a check (1/2)...
AuthKeyHandler: 	Executing g_a check (2/2)...
AuthKeyHandler: 	Executing g_b check...
AuthKeyHandler: 	Preparing client_DH_inner_data...
AuthKeyHandler: 	Executing set_client_DH_params...
ResponseHandler: 	Trying to assign a response of type Set_client_DH_params_answer to its request...
ResponseHandler: 	Does the request of return type Set_client_DH_params_answer match?
ResponseHandler: 	Yes
AuthKeyHandler: 	Generating authorization key...
AuthKeyHandler: 	Diffie Hellman key exchange processed successfully!
AuthKeyHandler: 	Auth key generated
AuthKeyHandler: 	Binding authorization keys...
CallHandler:    	Writing client info (also executing auth.bindTempAuthKey)...
MsgIdHandler:   	WARNING: Given message id (6604105252194233345) is bigger than or equal to the current limit (6604105252194221057). Consider syncing your date.
AuthKeyHandler: 	Successfully binded temporary and permanent authorization keys, DC 4_media
CallHandler:    	Writing client info (also executing help.getConfig)...
AuthKeyHandler: 	Generating permanent authorization key for DC 5...
AuthKeyHandler: 	Requesting pq...
ResponseHandler: 	Trying to assign a response of type ResPQ to its request...
ResponseHandler: 	Does the request of return type ResPQ match?
ResponseHandler: 	Yes
AuthKeyHandler: 	Factorization 1469023868350720819 = 1029005377 * 1427615347
RSA:            	Encrypting with rsa key...
AuthKeyHandler: 	Starting Diffie Hellman key exchange
ResponseHandler: 	Trying to assign a response of type Server_DH_Params to its request...
ResponseHandler: 	Does the request of return type Server_DH_Params match?
ResponseHandler: 	Yes
AuthKeyHandler: 	Server-client time delta = 0.0 s
AuthKeyHandler: 	Executing p/g checks (1/2)...
AuthKeyHandler: 	Executing p/g checks (2/2)...
AuthKeyHandler: 	Executing g check...
AuthKeyHandler: 	Executing g_a check (1/2)...
AuthKeyHandler: 	Executing g_a check (2/2)...
AuthKeyHandler: 	Generating b...
AuthKeyHandler: 	Generating g_b...
AuthKeyHandler: 	Executing g_a check (1/2)...
AuthKeyHandler: 	Executing g_a check (2/2)...
AuthKeyHandler: 	Executing g_b check...
AuthKeyHandler: 	Preparing client_DH_inner_data...
AuthKeyHandler: 	Executing set_client_DH_params...
ResponseHandler: 	Trying to assign a response of type Set_client_DH_params_answer to its request...
ResponseHandler: 	Does the request of return type Set_client_DH_params_answer match?
ResponseHandler: 	Yes
AuthKeyHandler: 	Generating authorization key...
AuthKeyHandler: 	Diffie Hellman key exchange processed successfully!
AuthKeyHandler: 	Auth key generated
AuthKeyHandler: 	Generating temporary authorization key for DC 5...
AuthKeyHandler: 	Requesting pq...
ResponseHandler: 	Trying to assign a response of type ResPQ to its request...
ResponseHandler: 	Does the request of return type ResPQ match?
ResponseHandler: 	Yes
AuthKeyHandler: 	Factorization 3079720122627089177 = 1641880259 * 1875727603
RSA:            	Encrypting with rsa key...
AuthKeyHandler: 	Starting Diffie Hellman key exchange
ResponseHandler: 	Trying to assign a response of type Server_DH_Params to its request...
ResponseHandler: 	Does the request of return type Server_DH_Params match?
ResponseHandler: 	Yes
AuthKeyHandler: 	Server-client time delta = 0.0 s
AuthKeyHandler: 	Executing p/g checks (1/2)...
AuthKeyHandler: 	Executing p/g checks (2/2)...
AuthKeyHandler: 	Executing g check...
AuthKeyHandler: 	Executing g_a check (1/2)...
AuthKeyHandler: 	Executing g_a check (2/2)...
AuthKeyHandler: 	Generating b...
AuthKeyHandler: 	Generating g_b...
AuthKeyHandler: 	Executing g_a check (1/2)...
AuthKeyHandler: 	Executing g_a check (2/2)...
AuthKeyHandler: 	Executing g_b check...
AuthKeyHandler: 	Preparing client_DH_inner_data...
AuthKeyHandler: 	Executing set_client_DH_params...
ResponseHandler: 	Trying to assign a response of type Set_client_DH_params_answer to its request...
ResponseHandler: 	Does the request of return type Set_client_DH_params_answer match?
ResponseHandler: 	Yes
AuthKeyHandler: 	Generating authorization key...
AuthKeyHandler: 	Diffie Hellman key exchange processed successfully!
AuthKeyHandler: 	Auth key generated
AuthKeyHandler: 	Binding authorization keys...
CallHandler:    	Writing client info (also executing auth.bindTempAuthKey)...
MsgIdHandler:   	WARNING: Given message id (6604105265358562305) is bigger than or equal to the current limit (6604105265358517249). Consider syncing your date.
AuthKeyHandler: 	Successfully binded temporary and permanent authorization keys, DC 5
CallHandler:    	Writing client info (also executing help.getConfig)...
MTProto:        	Updated config!
MTProto:        	{
    "_": "config",
    "phonecalls_enabled": false,
    "default_p2p_contacts": false,
    "preload_featured_stickers": false,
    "ignore_phone_entities": false,
    "revoke_pm_inbox": false,
    "blocked_mode": false,
    "date": 1537638060,
    "expires": 1537641879,
    "test_mode": false,
    "this_dc": 2,
    "dc_txt_domain_name": "apv2.stel.com",
    "chat_size_max": 200,
    "megagroup_size_max": 100000,
    "forwarded_count_max": 100,
    "online_update_period_ms": 120000,
    "offline_blur_timeout_ms": 5000,
    "offline_idle_timeout_ms": 30000,
    "online_cloud_timeout_ms": 300000,
    "notify_cloud_delay_ms": 30000,
    "notify_default_delay_ms": 1500,
    "push_chat_period_ms": 60000,
    "push_chat_limit": 2,
    "saved_gifs_limit": 200,
    "edit_time_limit": 172800,
    "revoke_time_limit": 172800,
    "revoke_pm_time_limit": 172800,
    "rating_e_decay": 2419200,
    "stickers_recent_limit": 200,
    "stickers_faved_limit": 5,
    "channels_read_media_period": 604800,
    "pinned_dialogs_count_max": 5,
    "call_receive_timeout_ms": 20000,
    "call_ring_timeout_ms": 90000,
    "call_connect_timeout_ms": 30000,
    "call_packet_timeout_ms": 10000,
    "me_url_prefix": "https://t.me/",
    "gif_search_username": "gif",
    "venue_search_username": "foursquare",
    "img_search_username": "bing",
    "caption_length_max": 200,
    "message_length_max": 4096,
    "webfile_dc_id": 4
}
MTProto:        	We're in ID, nearest DC is 5.
API:            	Running APIFactory...
APIFactory:     	Didn't serialize in a while, doing that now...
API:            	Serializing MadelineProto...
Serialization:  	Waiting for exclusive lock of serialization lockfile...
Serialization:  	Lock acquired, serializing
API:            	MadelineProto is ready!
API:            	Serializing MadelineProto...
Serialization:  	Waiting for exclusive lock of serialization lockfile...
Serialization:  	Lock acquired, serializing
Logger:         	MadelineProto
Logger:         	Copyright (C) 2016-2018 Daniil Gentili
Logger:         	Licensed under AGPLv3
Logger:         	https://github.com/danog/MadelineProto
DataCenter:     	Disconnecting from DC 2...
DataCenter:     	Disconnecting from DC 1...
DataCenter:     	Disconnecting from DC 3...
DataCenter:     	Disconnecting from DC 4...
DataCenter:     	Disconnecting from DC 4_media...
DataCenter:     	Disconnecting from DC 5...
DataCenter:     	Connecting to DC 2 (main server, ipv4, tcp_abridged)...
DataCenter:     	Trying connection on port 443 of 149.154.167.51...
DataCenter:     	OK!
DataCenter:     	Connecting to DC 1 (main server, ipv4, tcp_abridged)...
DataCenter:     	Trying connection on port 443 of 149.154.175.50...
DataCenter:     	OK!
DataCenter:     	Connecting to DC 3 (main server, ipv4, tcp_abridged)...
DataCenter:     	Trying connection on port 443 of 149.154.175.100...
DataCenter:     	OK!
DataCenter:     	Connecting to DC 4 (main server, ipv4, tcp_abridged)...
DataCenter:     	Trying connection on port 443 of 149.154.167.91...
DataCenter:     	OK!
DataCenter:     	Connecting to DC 4_media (main server, ipv4, tcp_abridged)...
DataCenter:     	Trying connection on port 443 of 149.154.166.120...
DataCenter:     	OK!
DataCenter:     	Connecting to DC 5 (main server, ipv4, tcp_abridged)...
DataCenter:     	Trying connection on port 443 of 91.108.56.177...
DataCenter:     	OK!
MsgIdHandler:   	WARNING: Given message id (6604105304523258881) is bigger than or equal to the current limit (6604105304523205633). Consider syncing your date.
MTProto:        	The authorization key has expired
APIFactory:     	Didn't serialize in a while, doing that now...
API:            	Serializing MadelineProto...
Serialization:  	Waiting for exclusive lock of serialization lockfile...
Serialization:  	Lock acquired, serializing
API:            	Serializing MadelineProto...
Serialization:  	Waiting for exclusive lock of serialization lockfile...
Serialization:  	Lock acquired, serializing
Logger:         	MadelineProto
Logger:         	Copyright (C) 2016-2018 Daniil Gentili
Logger:         	Licensed under AGPLv3
Logger:         	https://github.com/danog/MadelineProto
DataCenter:     	Disconnecting from DC 2...
DataCenter:     	Disconnecting from DC 1...
DataCenter:     	Disconnecting from DC 3...
DataCenter:     	Disconnecting from DC 4...
DataCenter:     	Disconnecting from DC 4_media...
DataCenter:     	Disconnecting from DC 5...
DataCenter:     	Connecting to DC 2 (main server, ipv4, tcp_abridged)...
DataCenter:     	Trying connection on port 443 of 149.154.167.51...
DataCenter:     	OK!
DataCenter:     	Connecting to DC 1 (main server, ipv4, tcp_abridged)...
DataCenter:     	Trying connection on port 443 of 149.154.175.50...
DataCenter:     	OK!
DataCenter:     	Connecting to DC 3 (main server, ipv4, tcp_abridged)...
DataCenter:     	Trying connection on port 443 of 149.154.175.100...
DataCenter:     	OK!
DataCenter:     	Connecting to DC 4 (main server, ipv4, tcp_abridged)...
DataCenter:     	Trying connection on port 443 of 149.154.167.91...
DataCenter:     	OK!
DataCenter:     	Connecting to DC 4_media (main server, ipv4, tcp_abridged)...
DataCenter:     	Trying connection on port 443 of 149.154.166.120...
DataCenter:     	OK!
DataCenter:     	Connecting to DC 5 (main server, ipv4, tcp_abridged)...
DataCenter:     	Trying connection on port 443 of 91.108.56.177...
DataCenter:     	OK!
MsgIdHandler:   	WARNING: Given message id (6604105382607664129) is bigger than or equal to the current limit (6604105382607626241). Consider syncing your date.
MTProto:        	The authorization key has expired
APIFactory:     	Didn't serialize in a while, doing that now...
API:            	Serializing MadelineProto...
Serialization:  	Waiting for exclusive lock of serialization lockfile...
Serialization:  	Lock acquired, serializing
Login:          	Sending code...
Login:          	Code sent successfully! Once you receive the code you should use the complete_phone_login function.
API:            	Serializing MadelineProto...
Serialization:  	Waiting for exclusive lock of serialization lockfile...
Serialization:  	Lock acquired, serializing
Logger:         	MadelineProto
Logger:         	Copyright (C) 2016-2018 Daniil Gentili
Logger:         	Licensed under AGPLv3
Logger:         	https://github.com/danog/MadelineProto
DataCenter:     	Disconnecting from DC 2...
DataCenter:     	Disconnecting from DC 1...
DataCenter:     	Disconnecting from DC 3...
DataCenter:     	Disconnecting from DC 4...
DataCenter:     	Disconnecting from DC 4_media...
DataCenter:     	Disconnecting from DC 5...
DataCenter:     	Connecting to DC 2 (main server, ipv4, tcp_abridged)...
DataCenter:     	Trying connection on port 443 of 149.154.167.51...
DataCenter:     	OK!
DataCenter:     	Connecting to DC 1 (main server, ipv4, tcp_abridged)...
DataCenter:     	Trying connection on port 443 of 149.154.175.50...
DataCenter:     	OK!
DataCenter:     	Connecting to DC 3 (main server, ipv4, tcp_abridged)...
DataCenter:     	Trying connection on port 443 of 149.154.175.100...
DataCenter:     	OK!
DataCenter:     	Connecting to DC 4 (main server, ipv4, tcp_abridged)...
DataCenter:     	Trying connection on port 443 of 149.154.167.91...
DataCenter:     	OK!
DataCenter:     	Connecting to DC 4_media (main server, ipv4, tcp_abridged)...
DataCenter:     	Trying connection on port 443 of 149.154.166.120...
DataCenter:     	OK!
DataCenter:     	Connecting to DC 5 (main server, ipv4, tcp_abridged)...
DataCenter:     	Trying connection on port 443 of 91.108.56.177...
DataCenter:     	OK!
MsgIdHandler:   	WARNING: Given message id (6604105430423200769) is bigger than or equal to the current limit (6604105430423146497). Consider syncing your date.
MTProto:        	The authorization key has expired
APIFactory:     	Didn't serialize in a while, doing that now...
API:            	Serializing MadelineProto...
Serialization:  	Waiting for exclusive lock of serialization lockfile...
Serialization:  	Lock acquired, serializing
Login:          	Logging in as a normal user...
PeerHandler:    	Handling pending pwrchat queries...
AuthKeyHandler: 	Trying to copy authorization from dc 5 to dc 2
MsgIdHandler:   	WARNING: Given message id (6604105435050708993) is bigger than or equal to the current limit (6604105435050662913). Consider syncing your date.
PeerHandler:    	Handling pending pwrchat queries...
AuthKeyHandler: 	Trying to copy authorization from dc 5 to dc 1
MsgIdHandler:   	WARNING: Given message id (6604105439768125441) is bigger than or equal to the current limit (6604105439768087553). Consider syncing your date.
AuthKeyHandler: 	Trying to copy authorization from dc 5 to dc 3
MsgIdHandler:   	WARNING: Given message id (6604105448981502977) is bigger than or equal to the current limit (6604105448981487617). Consider syncing your date.
AuthKeyHandler: 	Trying to copy authorization from dc 5 to dc 4
MsgIdHandler:   	WARNING: Given message id (6604105453044287489) is bigger than or equal to the current limit (6604105453044248577). Consider syncing your date.
Login:          	Logged in successfully!
API:            	Serializing MadelineProto...
Serialization:  	Waiting for exclusive lock of serialization lockfile...
Serialization:  	Lock acquired, serializing
TOS:            	Fetching TOS...
API:            	Serializing MadelineProto...
Serialization:  	Waiting for exclusive lock of serialization lockfile...
Serialization:  	Lock acquired, serializing
Logger, ArieDarwaman009:         	MadelineProto
Logger, ArieDarwaman009:         	Copyright (C) 2016-2018 Daniil Gentili
Logger, ArieDarwaman009:         	Licensed under AGPLv3
Logger, ArieDarwaman009:         	https://github.com/danog/MadelineProto
DataCenter, ArieDarwaman009:     	Disconnecting from DC 2...
DataCenter, ArieDarwaman009:     	Disconnecting from DC 1...
DataCenter, ArieDarwaman009:     	Disconnecting from DC 3...
DataCenter, ArieDarwaman009:     	Disconnecting from DC 4...
DataCenter, ArieDarwaman009:     	Disconnecting from DC 4_media...
DataCenter, ArieDarwaman009:     	Disconnecting from DC 5...
DataCenter, ArieDarwaman009:     	Connecting to DC 2 (main server, ipv4, tcp_abridged)...
DataCenter, ArieDarwaman009:     	Trying connection on port 443 of 149.154.167.51...
DataCenter, ArieDarwaman009:     	OK!
DataCenter, ArieDarwaman009:     	Connecting to DC 1 (main server, ipv4, tcp_abridged)...
DataCenter, ArieDarwaman009:     	Trying connection on port 443 of 149.154.175.50...
DataCenter, ArieDarwaman009:     	OK!
DataCenter, ArieDarwaman009:     	Connecting to DC 3 (main server, ipv4, tcp_abridged)...
DataCenter, ArieDarwaman009:     	Trying connection on port 443 of 149.154.175.100...
DataCenter, ArieDarwaman009:     	OK!
DataCenter, ArieDarwaman009:     	Connecting to DC 4 (main server, ipv4, tcp_abridged)...
DataCenter, ArieDarwaman009:     	Trying connection on port 443 of 149.154.167.91...
DataCenter, ArieDarwaman009:     	OK!
DataCenter, ArieDarwaman009:     	Connecting to DC 4_media (main server, ipv4, tcp_abridged)...
DataCenter, ArieDarwaman009:     	Trying connection on port 443 of 149.154.166.120...
DataCenter, ArieDarwaman009:     	OK!
DataCenter, ArieDarwaman009:     	Connecting to DC 5 (main server, ipv4, tcp_abridged)...
DataCenter, ArieDarwaman009:     	Trying connection on port 443 of 91.108.56.177...
DataCenter, ArieDarwaman009:     	OK!
MsgIdHandler, ArieDarwaman009:   	WARNING: Given message id (6604105588299273217) is bigger than or equal to the current limit (6604105588299229185). Consider syncing your date.
APIFactory, ArieDarwaman009:     	Didn't serialize in a while, doing that now...
API, ArieDarwaman009:            	Serializing MadelineProto...
Serialization, ArieDarwaman009:  	Waiting for exclusive lock of serialization lockfile...
Serialization, ArieDarwaman009:  	Lock acquired, serializing
Loop, ArieDarwaman009:           	Started update loop
CallHandler, ArieDarwaman009:    	An error getting response of method updates.getState: Nothing in the socket! in Socket on line 257. Retrying...
MessageHandler, ArieDarwaman009: 	Trying to read from closed socket, sending initial ping
CallHandler, ArieDarwaman009:    	An error getting response of method updates.getState: Nothing in the socket! in Socket on line 257. Retrying...
ResponseHandler, ArieDarwaman009: 	Postpone update handling
CallHandler, ArieDarwaman009:    	An error getting response of method updates.getState: Nothing in the socket! in Socket on line 257. Retrying...
CallHandler, ArieDarwaman009:    	An error getting response of method updates.getState: Nothing in the socket! in Socket on line 257. Retrying...
ResponseHandler, ArieDarwaman009: 	Postpone update handling
CallHandler, ArieDarwaman009:    	An error getting response of method updates.getState: Nothing in the socket! in Socket on line 257. Retrying...
ResponseHandler, ArieDarwaman009: 	Postpone update handling
Exception, ArieDarwaman009:      	Couldn't get response in CallHandler.php:230
ResponseHandler, ArieDarwaman009: 	Parsing pending updates...
ResponseHandler, ArieDarwaman009: 	Parsing pending updates...
ResponseHandler, ArieDarwaman009: 	Parsing pending updates...
ResponseHandler, ArieDarwaman009: 	Parsing updates received via the socket...
UpdateHandler, ArieDarwaman009:  	Handling an update of type updateUserStatus...
UpdateHandler, ArieDarwaman009:  	Saving an update of type updateUserStatus...
ResponseHandler, ArieDarwaman009: 	Parsing updates received via the socket...
UpdateHandler, ArieDarwaman009:  	Handling an update of type updateUserStatus...
UpdateHandler, ArieDarwaman009:  	Saving an update of type updateUserStatus...
ResponseHandler, ArieDarwaman009: 	Parsing updates received via the socket...
UpdateHandler, ArieDarwaman009:  	Handling an update of type updateUserStatus...
UpdateHandler, ArieDarwaman009:  	Saving an update of type updateUserStatus...
ResponseHandler, ArieDarwaman009: 	Parsing updates received via the socket...
UpdateHandler, ArieDarwaman009:  	Handling an update of type updateReadHistoryOutbox...
UpdateHandler, ArieDarwaman009:  	Applying pts. current pts: 79, new pts: 80, channel id: 
UpdateHandler, ArieDarwaman009:  	Saving an update of type updateReadHistoryOutbox...
ResponseHandler, ArieDarwaman009: 	Parsing updates received via the socket...
UpdateHandler, ArieDarwaman009:  	Handling an update of type updateUserStatus...
UpdateHandler, ArieDarwaman009:  	Saving an update of type updateUserStatus...
ResponseHandler, ArieDarwaman009: 	Parsing updates received via the socket...
UpdateHandler, ArieDarwaman009:  	Handling an update of type updateUserStatus...
UpdateHandler, ArieDarwaman009:  	Saving an update of type updateUserStatus...
ResponseHandler, ArieDarwaman009: 	Parsing updates received via the socket...
UpdateHandler, ArieDarwaman009:  	Handling an update of type updateUserStatus...
UpdateHandler, ArieDarwaman009:  	Saving an update of type updateUserStatus...
ResponseHandler, ArieDarwaman009: 	Parsing updates received via the socket...
UpdateHandler, ArieDarwaman009:  	Handling an update of type updateNewMessage...
UpdateHandler, ArieDarwaman009:  	Applying pts. current pts: 80, new pts: 81, channel id: 
UpdateHandler, ArieDarwaman009:  	Saving an update of type updateNewMessage...
APIFactory, ArieDarwaman009 (p):     	Detected fork
Files, ArieDarwaman009 (p):          	Waiting for lock of file to download...
CallHandler, ArieDarwaman009 (p):    	Using media DC
UpdateHandler, ArieDarwaman009 (p):  	Not fetching normal difference, I am already fetching it
MsgIdHandler, ArieDarwaman009 (p):   	WARNING: Given message id (6604105677304222721) is bigger than or equal to the current limit (6604105677304211457). Consider syncing your date.
ResponseHandler, ArieDarwaman009: 	Parsing updates received via the socket...
UpdateHandler, ArieDarwaman009:  	Handling an update of type updateUserStatus...
UpdateHandler, ArieDarwaman009:  	Saving an update of type updateUserStatus...
ResponseHandler, ArieDarwaman009: 	Postpone update handling
ResponseHandler, ArieDarwaman009: 	Parsing pending updates...
ResponseHandler, ArieDarwaman009: 	Parsing updates received via the socket...
UpdateHandler, ArieDarwaman009:  	Handling an update of type updateUserStatus...
UpdateHandler, ArieDarwaman009:  	Saving an update of type updateUserStatus...
ResponseHandler, ArieDarwaman009: 	Parsing updates received via the socket...
UpdateHandler, ArieDarwaman009:  	Handling an update of type updateNewMessage...
UpdateHandler, ArieDarwaman009:  	Applying pts. current pts: 81, new pts: 82, channel id: 
UpdateHandler, ArieDarwaman009:  	Saving an update of type updateNewMessage...
APIFactory, ArieDarwaman009 (p):     	Detected fork
Files, ArieDarwaman009 (p):          	Waiting for lock of file to download...
UpdateHandler, ArieDarwaman009 (p):  	Not fetching normal difference, I am already fetching it
MsgIdHandler, ArieDarwaman009 (p):   	WARNING: Given message id (6604105702904099841) is bigger than or equal to the current limit (6604105702904089601). Consider syncing your date.
ResponseHandler, ArieDarwaman009: 	Parsing updates received via the socket...
UpdateHandler, ArieDarwaman009:  	Handling an update of type updateUserStatus...
UpdateHandler, ArieDarwaman009:  	Saving an update of type updateUserStatus...
